<?xml version="1.0" encoding="UTF-8"?>
<robot generator="Robot 6.1.1 (Python 3.11.5 on win32)" generated="20231025 11:03:56.724" rpa="false" schemaversion="4">
<suite id="s1" name="Operating System" source="C:\Projetos\projeto-robot-avancado\OperatingSystem\operating_system.robot">
<test id="s1-t1" name="Exemplo 01: Criando arquivos" line="6">
<kw name="Criando um arquivo texto">
<kw name="Create File" library="OperatingSystem">
<arg>./my_files/arquivo_TEXTO.txt</arg>
<arg>Esse curso vai me tornar um ninja em Robot Framework!!!!</arg>
<doc>Creates a file with the given content and encoding.</doc>
<msg timestamp="20231025 11:03:56.797" level="INFO" html="true">Created file '&lt;a href="file://C:\Projetos\projeto-robot-avancado\OperatingSystem\my_files\arquivo_TEXTO.txt"&gt;C:\Projetos\projeto-robot-avancado\OperatingSystem\my_files\arquivo_TEXTO.txt&lt;/a&gt;'.</msg>
<status status="PASS" starttime="20231025 11:03:56.796" endtime="20231025 11:03:56.797"/>
</kw>
<status status="PASS" starttime="20231025 11:03:56.795" endtime="20231025 11:03:56.798"/>
</kw>
<kw name="Criando um arquivo JSON">
<kw name="Create File" library="OperatingSystem">
<arg>./my_files/arquivo_JSON.json</arg>
<arg>{"teste01": "valor01", "teste02": 2, "teste03": [1, 2, 3]}</arg>
<doc>Creates a file with the given content and encoding.</doc>
<msg timestamp="20231025 11:03:56.801" level="INFO" html="true">Created file '&lt;a href="file://C:\Projetos\projeto-robot-avancado\OperatingSystem\my_files\arquivo_JSON.json"&gt;C:\Projetos\projeto-robot-avancado\OperatingSystem\my_files\arquivo_JSON.json&lt;/a&gt;'.</msg>
<status status="PASS" starttime="20231025 11:03:56.799" endtime="20231025 11:03:56.801"/>
</kw>
<status status="PASS" starttime="20231025 11:03:56.798" endtime="20231025 11:03:56.802"/>
</kw>
<status status="PASS" starttime="20231025 11:03:56.794" endtime="20231025 11:03:56.803"/>
</test>
<test id="s1-t2" name="Exemplo 02: Copiando arquivos" line="10">
<kw name="Copiando meu arquivo">
<kw name="Copy File" library="OperatingSystem">
<arg>./my_files/arquivo_TEXTO.txt</arg>
<arg>./my_files/arquivo_TEXTO_COPIA.txt</arg>
<doc>Copies the source file into the destination.</doc>
<msg timestamp="20231025 11:03:56.825" level="INFO" html="true">Copied file from '&lt;a href="file://C:\Projetos\projeto-robot-avancado\OperatingSystem\my_files\arquivo_TEXTO.txt"&gt;C:\Projetos\projeto-robot-avancado\OperatingSystem\my_files\arquivo_TEXTO.txt&lt;/a&gt;' to '&lt;a href="file://C:\Projetos\projeto-robot-avancado\OperatingSystem\my_files\arquivo_TEXTO_COPIA.txt"&gt;C:\Projetos\projeto-robot-avancado\OperatingSystem\my_files\arquivo_TEXTO_COPIA.txt&lt;/a&gt;'.</msg>
<status status="PASS" starttime="20231025 11:03:56.805" endtime="20231025 11:03:56.825"/>
</kw>
<kw name="Copy File" library="OperatingSystem">
<arg>./my_files/arquivo_JSON.json</arg>
<arg>./my_files/arquivo_JSON_COPIA.json</arg>
<doc>Copies the source file into the destination.</doc>
<msg timestamp="20231025 11:03:56.849" level="INFO" html="true">Copied file from '&lt;a href="file://C:\Projetos\projeto-robot-avancado\OperatingSystem\my_files\arquivo_JSON.json"&gt;C:\Projetos\projeto-robot-avancado\OperatingSystem\my_files\arquivo_JSON.json&lt;/a&gt;' to '&lt;a href="file://C:\Projetos\projeto-robot-avancado\OperatingSystem\my_files\arquivo_JSON_COPIA.json"&gt;C:\Projetos\projeto-robot-avancado\OperatingSystem\my_files\arquivo_JSON_COPIA.json&lt;/a&gt;'.</msg>
<status status="PASS" starttime="20231025 11:03:56.826" endtime="20231025 11:03:56.849"/>
</kw>
<status status="PASS" starttime="20231025 11:03:56.805" endtime="20231025 11:03:56.849"/>
</kw>
<status status="PASS" starttime="20231025 11:03:56.804" endtime="20231025 11:03:56.851"/>
</test>
<test id="s1-t3" name="Exemplo 03: Lendo meu arquivo" line="13">
<kw name="Lendo o conteúdo">
<kw name="Get File" library="OperatingSystem">
<var>${MEU_ARQUIVO}</var>
<arg>./my_files/arquivo_TEXTO.txt</arg>
<doc>Returns the contents of a specified file.</doc>
<msg timestamp="20231025 11:03:56.855" level="INFO" html="true">Getting file '&lt;a href="file://C:\Projetos\projeto-robot-avancado\OperatingSystem\my_files\arquivo_TEXTO.txt"&gt;C:\Projetos\projeto-robot-avancado\OperatingSystem\my_files\arquivo_TEXTO.txt&lt;/a&gt;'.</msg>
<msg timestamp="20231025 11:03:56.855" level="INFO">${MEU_ARQUIVO} = Esse curso vai me tornar um ninja em Robot Framework!!!!</msg>
<status status="PASS" starttime="20231025 11:03:56.855" endtime="20231025 11:03:56.855"/>
</kw>
<kw name="Get File Size" library="OperatingSystem">
<var>${SIZE}</var>
<arg>./my_files/arquivo_TEXTO.txt</arg>
<doc>Returns and logs file size as an integer in bytes.</doc>
<msg timestamp="20231025 11:03:56.856" level="INFO" html="true">Size of file '&lt;a href="file://C:\Projetos\projeto-robot-avancado\OperatingSystem\my_files\arquivo_TEXTO.txt"&gt;C:\Projetos\projeto-robot-avancado\OperatingSystem\my_files\arquivo_TEXTO.txt&lt;/a&gt;' is 56 bytes.</msg>
<msg timestamp="20231025 11:03:56.856" level="INFO">${SIZE} = 56</msg>
<status status="PASS" starttime="20231025 11:03:56.856" endtime="20231025 11:03:56.856"/>
</kw>
<kw name="Log" library="BuiltIn">
<arg>${MEU_ARQUIVO}</arg>
<doc>Logs the given message with the given level.</doc>
<msg timestamp="20231025 11:03:56.857" level="INFO">Esse curso vai me tornar um ninja em Robot Framework!!!!</msg>
<status status="PASS" starttime="20231025 11:03:56.856" endtime="20231025 11:03:56.857"/>
</kw>
<status status="PASS" starttime="20231025 11:03:56.854" endtime="20231025 11:03:56.857"/>
</kw>
<kw name="Lendo o binário">
<kw name="Should Exist" library="OperatingSystem">
<arg>./my_files/arquivo_PDF.pdf</arg>
<arg>msg=O arquivo não existe!! Verifique!</arg>
<doc>Fails unless the given path (file or directory) exists.</doc>
<msg timestamp="20231025 11:03:56.858" level="INFO" html="true">Path '&lt;a href="file://C:\Projetos\projeto-robot-avancado\OperatingSystem\my_files\arquivo_PDF.pdf"&gt;C:\Projetos\projeto-robot-avancado\OperatingSystem\my_files\arquivo_PDF.pdf&lt;/a&gt;' exists.</msg>
<status status="PASS" starttime="20231025 11:03:56.858" endtime="20231025 11:03:56.858"/>
</kw>
<kw name="Get Binary File" library="OperatingSystem">
<var>${MEU_ARQUIVO}</var>
<arg>./my_files/arquivo_PDF.pdf</arg>
<doc>Returns the contents of a specified file.</doc>
<msg timestamp="20231025 11:03:56.861" level="INFO" html="true">Getting file '&lt;a href="file://C:\Projetos\projeto-robot-avancado\OperatingSystem\my_files\arquivo_PDF.pdf"&gt;C:\Projetos\projeto-robot-avancado\OperatingSystem\my_files\arquivo_PDF.pdf&lt;/a&gt;'.</msg>
<msg timestamp="20231025 11:03:56.866" level="INFO">${MEU_ARQUIVO} = %PDF-1.4
%\xc3\xa4\xc3\xbc\xc3\xb6\xc3\x9f
2 0 obj
&lt;&lt;/Length 3 0 R/Filter/FlateDecode&gt;&gt;
stream
x\x9c\x95\xcf=\xc2@\xe0\xfd~Ef\xc1\xf3M\xee\xa3W(\xabUp\xab8\x88\x9b\xe0 \xd8\xc5\xbfo\xa4 H{\xe1B...</msg>
<status status="PASS" starttime="20231025 11:03:56.858" endtime="20231025 11:03:56.867"/>
</kw>
<kw name="Get File Size" library="OperatingSystem">
<var>${SIZE}</var>
<arg>./my_files/arquivo_PDF.pdf</arg>
<doc>Returns and logs file size as an integer in bytes.</doc>
<msg timestamp="20231025 11:03:56.868" level="INFO" html="true">Size of file '&lt;a href="file://C:\Projetos\projeto-robot-avancado\OperatingSystem\my_files\arquivo_PDF.pdf"&gt;C:\Projetos\projeto-robot-avancado\OperatingSystem\my_files\arquivo_PDF.pdf&lt;/a&gt;' is 8055 bytes.</msg>
<msg timestamp="20231025 11:03:56.868" level="INFO">${SIZE} = 8055</msg>
<status status="PASS" starttime="20231025 11:03:56.867" endtime="20231025 11:03:56.869"/>
</kw>
<kw name="Log" library="BuiltIn">
<arg>${MEU_ARQUIVO}</arg>
<doc>Logs the given message with the given level.</doc>
<msg timestamp="20231025 11:03:56.873" level="INFO">%PDF-1.4
%\xc3\xa4\xc3\xbc\xc3\xb6\xc3\x9f
2 0 obj
&lt;&lt;/Length 3 0 R/Filter/FlateDecode&gt;&gt;
stream
x\x9c\x95\xcf=\xc2@\xe0\xfd~Ef\xc1\xf3M\xee\xa3W(\xabUp\xab8\x88\x9b\xe0 \xd8\xc5\xbfo\xa4 H{\xe1B \xf0$\x81ez\x99'\x81\xa0U(\x83J\x9em\xa2\xfeb3z=\x8d\xfd\xd6E3M6B\xb9'\xb1\xf1\xf3T`'6P(\xbc\x8d\x94\xcf\xb4\xd80%P\xbe+p\xcd^s@\x84\xd4\xa7\xbc3m6\xdd\xbfx]\xcb\xe3\xcaz\xae\x96h&amp;\xcb\xc9\xa9\xec$\xd9\xe2G\xae\xb0B\x83\xb5~_\xe7\xfbQA&amp;\xbds\x96h\xb1a@\x98\x95mY\xbepGo\x87\xf3R`
endstream
endobj

3 0 obj
178
endobj

5 0 obj
&lt;&lt;/Length 6 0 R/Filter/FlateDecode/Length1 9628&gt;&gt;
stream
x\x9c\xe5Z{|\xd5\xbd?\xf3\x9e}dwg\xb3\xbbIx\xce\xb2&amp;\x80		\xd9$`L
\x9b'\xb4H"A#\xd9\xecN\x92\xd5$\xbb\xdd\xdd\xd1{!\xd6,\xd8\xf8\xaa\x8dOD\xb1Z7\xb56h
\xfd\xa0R+j\xadOD\xa9\xdeFi\xb5\xa2\x96\xdd\xdc\xdf93\x9b\x87`o\xef\xfd\xf7\xce\xe6\xcc\xfc\xce9\xbf\xf3{|\xbf\xf3;3h4\xdc\xad #\xeaE\xf2\xf8:\xbd!\xcf\xdcL7B\xe8(B\x94\xd5wMT\x9e\xb6\xe8\xab\x85@\xbf\xed\xb6\xd6P[\xe7E\x8f\xd5/@\x88	!D\x9b\xdb:zZ\x99k\xe2q\xbdv\xb7+^\xbf\xfe\xa5\xdf\x92\xe6\x80\x8c\xed0\xb0\xfd\xec\xefD\xe87C\xff\x82\xf6\xce\xe8\x86[\xc4\xd7VC\xffF\xe8_\xd2\xf4yOd\xb1C\xff\xf4\xe7tz7\x84\xee*\xe8}\xb9\xcb\xdb\xa9\xfcq\xea\xafg#dMG\xc8r2\x8cD[\xd1\x82Q\x84f\x9d\xc5\xf3\xa1\xb0^y{!\xd74\xb0l@\xfc\xf06P&lt;\xee\xd3\xcb\xf1\x82\xa8\xd3\x8c)&amp;\xb3E\xb2\xa2\xff_\x9f\x8d2\xb8\xc3(7vG\xff\xed~&amp;\xbaG\xff\xf3(\xf1&amp;D\xf4\xe7\xa3\x9fm\xa5k\x91\x91{\xe37\xfa%\xf3cdd\xefG\x99\xf4I\x94A5\xa2D\xdd\xe8:\xc8\x95\x9b\xd0\xb4\xedD\xfd\xe8	\xf4\xfaFG\xd0\xab\xe8\xf4:\x83.C~tp\x86\x81\xf7Z\xe0\xbc\x85\xf0=\x80E\x8f\x83^\xee\xdf\xa3_\xa0\xd3\xe8\xda\x83^i&gt;\xb4\x93J\xd7\xa4\xfd\xfd\x8d2\xc2\xc8\xb44mC] \xef\xfb\xae\xff@\xc3\xfc6\xe0\xcd\x8f\xdeu\xa23\xa3=(c\xf4\xbd\x97\xaa\xa3\xd0W\xc4w\xeb\x86a\xfc&lt;\xfd\xb3\xd1\xd1D-\xa6\xf8Z\xd0\xbd\x93\x99\xc5&lt;\xbe\xbe\xab\xce\x82T\xe8\xdfTmr\xfb*zBO\xa2Eh%j5\x8e\xf6\xa3\xa5\xf4^t\x88\xe9\xe7\xf9\xd1\xd4D\xff\x98\xfb=}=\xb3\x81\xda
Vh\xd7w\xb0Z\x8b2\xf6\xd9R\xad\x92e\x9f\xd9\x94b4\xec\xd3\xebD\x81\xdf\xc7\xb1M\xc5PNS\xd5\xd7\xb79Fe\xc7\x96\xb8*cK\xae=\x99&gt;/G\xc4&lt;\xde\xda*\xd0\xfbn=`A-\xcd\xd9F\xbf\xcb\xef\xbdbM\x8c\xf16\xce\xcbq:qw\xebj\x81N\xacw\xe5\xb5/\xa3\x96\xa9O!\x97\xdd\xa3\x9b\xf1\xcc\xc1\xe4\x8c\xbd\xcf\xf4&amp;g\xc6\x967\xbb\x9c\xf3rP\xac\xda\xa0\xaaQ\x84\xa0\xab\xab.\xa0\x91\x982/\xa7\xca%\\xc8f\xf6\xd5\xae\xf1n\x9d\xda|kc\x8c\x93\xab\xd2\xdb+\xe5\xd5,W\xc5\xaa\xafi\xef\xabj\xae\x84\xd1\x93\xb9\xcc? pY\xae\xec&gt;\xcb\xc5\xdfP\xb4\x91%\xae%.\xaf&lt; \xf00*\xf7y\x8c\xf6\xb6\xc4\xd8,Y\xb6\xf4],W\xcb\xe0\xa9\xef\xb2\xe6\xa7s\x8c9\xc9\x8bb\xbd-\xde\xbe\xefr&amp;\xf5\x9c_d\xde\x98\x80(\x97\xb5\xf5&lt;\xd3\xd5\xae\xea\xe6\xbe\xbej\x97\\xdd\xd7\xac\xce\xbad\x8b\xabo`\xf9\xf2\xbePU\xb3C\xb5kb\x8c\xdc:5\xe6\xb9\xb5\xb1\x9d\x825T\x8c\xaf\x88	\x8a~^\xce\xf2Uk\xaa*\xa7:\x9d\x8d\xaa*y\x80\xe50XY\xde\xbe\xadS\xb3\x9a\xfbnmh(\x8b\\x8aJ\xe19`\xd0W\xb8\xf02([\xb8`q\xf0\x83
,\xa0\x8fF\xf1\xc2\x88\xd5]!P)Hdh(a,Z\xc9\xd3)+\x9b\x92\x9d-Y\x8b\xa5bk1Z$P\xd0\xcd\x9fO59%\xa7\x94	7
\xb1\xe8\xac\x87\xe9=\xdb\xcb\xa1"\xdb5\xca\x9b\x80 \xa0\xb9\x9e\x9e*g \xa8.\xa8\xc9\x853i\x8a6S\x8a\xa6\xf2\x9a\x86\x9a\xe2CMh\xf1\xe2xi\xfe|U\xe4\xb4;%zf\xfc\xf6\xaf\xf1/\xb8\xec\xfe\xfeo\x8f\x83\xc5(8z\x8a\xf9\x98\xbdI\xc8\x81\xb6z~t\x81\xa9\xc0Ti\xf2\x98+\xabt\xed\x8e\xdb\xcc\xf780?\xee\x881\xfb\x85\xa7L\xcf9^d\x86\x84a\xd3\xc71\xdd\xeb\xa6c\xb67\xe8&gt;6}`\xfb\x8b\xe3k\xc7\xb4\x942\xab\xbd\xccJ\x8b\x82T\x8e\xcce\xb4\xc1\x92L\xdf\x94\xbe=\x9dMuK\xb2\xd1c7\xb7\xef3&gt;i4\xbeb\xd4\xad\x85)\x8e\xe2\xf2\x9aFF\xdeiKG^Yl-\xc9\xc1d\xf2\xaeY\xa8\xa8\xb8\xad\x92\xe0\xb4:\xdd)\xa7\xc55\x8b\xf9\xe0\xd0O\xfe\x96x\x952~\x83\x8a\xaf\xce\xa6j\xaf\xdbo\xa6\xde;\xf1\xa1\xab\x94Z\x9c8C\x95&amp;N%\xa5\x89\xff,\xa7\x8eSy\x80V?\xf8\xb7\x9em@N\xe4\xf5T\xf2S+\xd3\xd7	\x8d\xe2\xda\xa9\xbdo\xea\xee\xc7\x8d\xafO9i\xfcx\xca\xb7\xbaj#b\xcaD]\xc6\xd6$\xac\x92\xad\xcc$4\xbbz]tZ\xbe\xc1\xca\xbb\xad\x86\xfb\xa6S\xd3-\xc0\xbe\xd3TV\xe6\x8d\x99\x9cV\x8f\xfc\xf9\xa8ia\x91\xa3\xc0\xbd\xa0\xa80\x8f\xca**\P\xe0\x9eI\xd9\xb3\\xb3x\xbbm&amp;5\x83\xb2\xdb\xc0\xa3\xfe\xb6\xd7\x87\xfa#\xa3G\x9e\xbc\xfc\xe6\xb9\xb74\xb4\xdd\xb6\xee\x81\x9bO\xc46g\xedo\xbe\xa2J)\xcf\xbf\xeaw\xdb\xcaw\xe5/_\xdc\xf8\x839\x95w\xfeh\xfb|VA%\xfc%\xe7@6\xb4\xd83g[\xcc\xee\x93\x86\xa5\xb7\x99\x867\xf3eF\x83\x8e\xb7\xe0fe3\x9a\xdd6\x93\xae\x99q4[\xfaRq\xbc4[\xb9x\xa8g\xe4\xd8\x90U$\xb9\x8a
\x8a\xdaqB\xd8
\xdc\xe9=\x97W\xdc\xf1\xe8\x96-\xc3\xd4\xb4\xc4\xc9\xb3/\xcax\xfcnz\xe3\xce\xe1\xd47w\xc6wOQs\x84\xad\x84\xc5gN\xbbg\xc5i\x85\xd6*k\x95\xbd\x91mg\xef\xefJ}B|4\xf5v\xd0\xf2[\xfaP\xfa[\xf6\xcf-\xa3\x96\xafS\xad\x8e\x8dJ\xc7\x90(\x95\xe9#
N\xa1\xe9\x94;h\xdan43\x9d6q&amp;[\xa1\x99\xb7\xf04\xf0NS\xbc\xb4\xe7\xea\xc8b\xc8\x80b\x92\xce"\xb0\x95.\xb2X\xdciR\x81\xc4$-`.\xb3q\xc3\xdf\x87&gt;=\xf6\xc2\xa6C\x87\xee\xbee\xf3\xce\xb3\xbb\xfa\x8f~D\xcd\xf8\x9a2S\xcbv\xd2\x81o\x8e3%\x9bO\xbc\x92\xb8a/X&gt;{\xa5\xf6\x8a\xd9\x91\xc7\x93\xc3sv.\xcf\j^a^\x9b\xfac\xeen7\xf7+\xf1\x9f\xa9\x86\x94r\x83\xbd\xdc/H\xa6Q\xd2!\xc5P\x88\xf2F\xdc\xef\xe0\x8f\xa7d\x81\xe4t;\xd2vr\xba2(\xe9\xaclj\x90\xda\xf1\xcb\xe7KW$&amp;N6\xd5?w\xf4\x81g\xaf\xe7\xd7\xac\xdb\xf5\xd7\xc4\x97\xf1}\xf4=~\xef\x8da\xa4Z
\xb1%\xe9\xa8\xceSI\xb3\x88\xe3u\xb4\xde\xc2\xda9\xbb\xce\xa2\x9f\xcd.\xb3,\xb5\xadb\xeb\xb9:\xfd\xb5\xba&gt;\xddNv\xb7\x8b=,\xbe\xce\xd9\xd3\xcb):\xa5\x89\xd6A\xee	\xa7NH\xc1\xbe\xd34\x82\xa3;f\x9b\xe6\x90,\xcf\xba2\x9d\xf2\xc2\x92ev.\x85\xfc\xeb\xdb\x94\xd9\xd7\xc0\x9f\xf8f8\xf1!\x95B\xc9\xae\xdft\xe9\xebo&lt;\xc1n\xe9~6q,\xb1\xe7xwk\xff=S\x8a\xbb\xfd\xf2
\x9cq`-\xf3-X\xabCz\xd2\xc5r\x8e-\xe7&lt;&lt;\xef\xe0\xb3x\x86\xa79\x9d\x8aP\xf1\x84\xc0\xc8(\xdc\x99\x92\xf8\x9d4\xfd	\xcb=\xf1f,sb\xf1\xd8\x89Z\xedY\xc42\xac\xc5\xc1\xd8\x87%KX \xdc\xc1\xec\xb0\xecf\xb4\xbcn\xfc^\xed\xaa\xc4	\xafGbo*ep\xcf7\x89\xdbEFd,n
\x91\xd7[H7\xf8\xbaK\x89\xf6\xfc\xf9\xe0~\x81\xb6\x9c\xc3.\xb9\xa4B\xc8A\xfe\xf9\x89m\x8f/Y\xb5\xff~v\xd1\xd1\x93{\xef&lt;\xfb%}\xb4\xa7m$^\xa6\xd5=\xf6:\xb0\xc6\x80\xd2\xd0Ou\xb9\xe9R\xcb\xa5\xb6r\xc7]\xa6;-w\xda\xeer\xec1\xed\xb6\xec\xb6\xedq|c:c9c\xfb\xc6a\xb1\x96\xf1\x82\xb1\x82\xdb3hs!\xd2\xc9\xba\xf9:\x8f\xee&gt;\xdd\xa0\x8e\xd7\xd9\xcd\x8c\x85\xa1\x92\xca\xa4.,&amp;\x81\x9b\x85$\x940|\x9fM\xf2\x85\x94\xdd\xfdy\xe2*\xed\xf3\xcf\xa9\xb4\xc4'\x9f\xefx\xf0\xc1;x \x83rS&lt;\xfc\xf2\xaf$\xbe\x85\xdf\xcb;\xdf&gt;|\xf8\xcf&gt;|\xf8m-X\x91\xc8\xe4\xeb&lt;\x97\xf3\x8c\x8d\xc9\xd0g\xf1y\xfa"\xbeX\xbfB\xa5~]\xaa"\xf8\xc5\xd3-\xf6\xe8{\x99\x9b\xc5[\xf4;\xd9{\xf4\x8f\xb0\xbf\xd0?#&gt;\xa7\xff\x8d\xe1\xa8\xfeO\xfa\xb7\x9f\xa6\xf4E:Q'R\x86r\x93\xbd\xdca\xd5\xd2:k\x91h0r&amp;\xa3V\xbc	_tK\xd5\xd8J\xc5\x9b\xb9\xdc\xf8\xc1\xb1M\xb5L\xa0\x9cTr8]\x83\xd4\xc1\xe3\xf6o\xa3&gt;K$\x97U\xbe\xf8\xfb\xc4\xbe\xb9\xc3\xbf\xde\xfb\x93\xb7K\xe2\xcb\xe9p|c\xbe\xf7\xae\x8f\xb1\xc3\x80\xfb\xcf\xc6kI\xa9u\x99u\x99\xbd\x81o\xe5w\xe8oO\xdd\xa5$\xf5W\xfc^\xcbK\xec\xd1\xb47\xec',\xa7-_\xa5JR\x93\xc2\xa0\x9286BZ\xe0Jb+BF\x8a\xc7\xc4\xd3"'\xa60\xe6I\x89\xa1e\xc6\xc4Z\x82$\x87\xd5n\xa1]\xb3f\xa9\xa4L\xc3i"\xf7\xa8\xb5\xa47=\xfd\xae\xbe-;\xcf&gt;\xdco\xe4\xc6\x97\x9cL\x9c\xf8:\xf1\xf7\xc4\xfe\x9d\x9b)\xf3\x96_\xa66\xee\xd52\x98\x999\x93\x82\x8a=\x99\x93\xca\xb8\x98\xa7\x99C\xa7\xdf\xa8f,\xcd\xe6\x99f\x9a1\xba\x83"%\xe2\xb3:\xaf\xe9%(m\xd8\xb0%\x8eSB\xcb\xd34\xbb\x96\xa3\xdd\xef\xcdp\xcc~n#NQ\xee\x80\xf4n\xbc\xa3\xd4(\x83\xa6\xe9h6\xea\xf5\id\x90\x95K\x9d\xc6X\xac2\x99\xd6B\xebk\xbdP\xeb\xdc$l~mx\xc1\xfa&amp;\xfb\xe1\x98\xf5\xce\xbf\xb0'\x84\xad'\x9ci\xf0fB\x8b\xa6
\xb3\xb1L\xa4%!\xcd3\xcd\x90UA\xb6\xcf\xa5L:4\xc3m6\xa1)\xf4\xd3&amp;;ew\xb9\xb5#\x8e4x](\xd6Nr\xbf6\x92g-;\x8a\xe1@\xbb\xc0YPTF\xa9\xdb\x9fi0\xc3H\xb3IN\xb8\xe9\xec\xda\xfcT\x9c\xf4\xdc\xe1\xbb\xf7\xff.\xb6\xff\xf1\xf6\x94S\xc5\xca\xbe\x8a\xc5\xbb\x8e\xf8k\xae\xeb{h\xcf\xf5O\xde\xf0|\xf3C+~&lt;a\xdb\xc3v\xca\x94\x89\xca\xa0\xafU\x96\xb4\xa8\xe8\xf2\x83\xf0&amp;2]\xe6)ayVo\xe3m\x90\xe1Y\xfa\xfc}\x95^'U\xea\x84\xf4JA\x85\xdad\xb0\xa7[\xa6\xe7M\xb4MB\xaa\xdb\xceL\x81,\xe8\xecp\xbc\x86\xff\x9aH\x93$P\xb7c\xfb\xb1:\x81C\xa0=\x86\x87o;\xf1\xd6\x8a[\xdf\xdf~\xdf\xa1w?z\xe8\x8e\xdb\xc39\xf9\xd1\x9e\xbb\xce~J\x9fy\xf6O\xf19\xf4\x99\xe7\xde\x8a\xcf\xc1y_T\xfc4\xf83\xa2\x8f&lt;suY\xc6\x85\xdc2}\x95\xb1\x85\xdb\x82n\xe6n\xd6\xddA?B\xff\x92\xddcx\x9a~\x96\xdd\xcf^\xe4\xde\xd0\xbdi8\xc5"|\xa4;eH\xe7\x967,\x8c\x85\x9fi\xc80\xca\x8c\xcc_h\x98\xcf\xcc\xe7\xab\xf8\xa0\xe1?_\xd2g\x94\x83\xd1\xf0[\x83\x9eaY7\xc7\xcf\xd7\xf3\x82\xda\x90(\xeaz&gt;\xa2\xde\xc0 \x9a\xe5\x91\xa3x\xa3^\xc7 q\x93\x89\xd2\xbbg\xea\xf2t\x9bt\x8c\xce\xdf\xfd:\x963pH\x9cI\xc9\xa2G\xac\x83\xd4&amp;J\x93/0i\xc5y#yd\x9b\xa4\x95\xc2\xbc\xc2l\xe6\xe27\xc3\xdf,\xe6\xc6\xb9cT|\xb38\xb2Y&lt;\x86Q\x83\xa3\x98*H%\x94\x8b\xa1\xa8\x8a\xc4\x91&gt;\xa3\xa8\xe1(iO\xe2\xdeC'\xce\xb2\x8b\xce\xfe\x8aY\x8a\xdb?_\xc4\xcfd\xb5\xbf	\xf6\xb9vy\xb5\xcce\xf2\xf9\xdc\xbe\x9c+\xe7\xcb\x85U\\xdf\xc2G\xf8\xf8\x9f\xf2\xbf`\xf7\xf3\xc3\xfci^\xe2\xe1\xbd\xd8\xfe\xf1\xdc0\x9c\xbc\x8e\xd1s,'\x8e\xa0Y\x8a\xbf\xce\x8d\xd3\xdbRq\x9e\xd5R\xabZ\x95\xc0jQ+MU\xa0\xa3\D\x93:\xfaZb)m=\x9b\xa0\xf8\xec\xb3,mNp\xf1\xe7\xe9y\xf1?\xe2\xafM\xf2\x9aNo2\xf3\x8b\xc7\xd6\x99K\xff\x812D\xf2\xfa\xc8+\xd7_5\xfeI:z\x8a\xc4_\xd4pR\xda&lt;\xc5Cg\xaf\x9b\xf0\xddJ\xa1\xc9W*C\x9cY\xd9ndm\xa8\x9fN\xa0*z\xa8\xd3A\xbfr	4\xc8.\x83v\xb3\x9f\xa2 \xf0\xc2\xdc0S\xfd\xabQ\x9b\xb0\xbe\x84/\x84o\xf5'0\x82\xc8\x8d\xd1\xd8QW\xc3\xef0\x9dB\xfb\xe9m\xf4qf\xf3S\xe6s\xf6\xf6^\xf6\xee&amp;\xee\x8f\xc4\x8aT4r_4\xb2\xc0\xbb\xfc	7\xf2\xeb\xa0&amp;\xe2\xd9lZ?f\xeb\xda1\xbb)X\xb5V\xa3i\xf8\x9e\xe8\xd4h\xe5\xa3\xa8F\xb3\xc0\xf3\xb0Fs\x90\xf14\x9a\x87s|H\xa3T\x8c\x8ekt
5D\x99\xb0V2\xe9W	\xcda\xab\xe8w	\xcd\x93\xf1\xcf-\x90\xf1o	-b\x9a\xd1Z\x92\xf61S4\x9aBY\xcc\xcbM#\xf3\xa5F3\xa8\x85\xa55\x9aEY\xac_\xa39\x94\xce\xf6i4\x8ff\xb1j\xb4\x80\xc2\xec\x90F\xeb\xb9n\x81F\xa70[\xf4-\x84\xd6c\xdbR&gt;%\xb4\xdb\x93\xf2\xa1\x8dx\xdc\xc4\xdaDh+\xa1-\xd8\xd3B\xa7m5\xe5\xdaFx\xda\x8e\xe5\x98\x96\xdaA\xc6\xd7:\x83\xacm%\xf4T\xc2%\xf4t\xc2s#\xa1g\xfa6B_@\xf8N\xe8y8\xd6\xa6\xc70-\x9b5Z\x95\xff4\xa6\x8d\xea\xf8\x8b\x84V\xed\xb9"\xea	\xda\xda\xa3\xf29\xbf\xb8\xb8@.\xb4)\xc1\xf5r\x96\\xec\xe8T"\xf2\xd2._\xae\\xd6\xd1!\xb6\x88V"J\xf8\xc5\x9f+\xd7z\xa3\xb9r\xa5\xc9\x95\xdd\xe7\xba\xe7\x93!\xe8\xd6*]\xfe\xdcK\xba}\xbfW^\xed\xed\x8a\xc8\xf5]_\xd0\xaf\xacR\xda\xba;\xbc\xe1\xf3\xcc\xc8\xdaT\x89\\x9eUS"\x97\x85\xc2\x819\xbf(\x87\xd8Tr\x9eJ8v\xc9E\xb9\xf3\xf3\xd5i&lt;\xabMj\xfc\x81\x88\xecs\xdb\x91\xa8V\xfcr4\xec\xf5+\x9d\xde\xf0\xd5r\xb0\xf5\xfc~^\xf0\x85\x83\x91`kT\x8et\x87BX\xd4\xec/\x83\xddr\xa7\xb7G\xee\x8e(r\xb4\xe3a9\x94}a\xc5Urd \xea\xf0\xf6\xe4\xc8\xde.\xbf\xd6\xc3\xacXxz#rH	w\xa2Q\xd7\xd2\xeb\xb9#\xe0S\xba\xb0,\x98\x88\xc8\xc1p\x92h\xc5r\xf0s\x8d\x9b
\xfd\xdd\xbeh\x8e\x8c\xb1\x87\xb59xMRA\xa0K^\xdf\xf0\xb5O\xb0l=(t\xf9:\xba\xfd8PI\xeb\x83]=\xf2\x9c\xc0\Y\xe9l\xc1x\x8c\xb1\x83\x84e-a\xf7\xba\xdap\xf0\xa3\xe1\x80/
\xd0\x8f+\xc0\xcb\xc7d\x95\xe6@KT\xe9\xc3^e\x8f\xec\xae\xef\xeaz\xfd\x93\xd1\xf3\xaaP)a\xecNT\xc1\xbd;\xea\x8e\xca~\xbb\x89y\xda\x95\x8e\xd0dD!\xbbz4v\xf8\xb4Z`s.\xfa!\xf9\xf7\xc9N\xe4E@\xb5\xa0*)\xe8*\xd4\x85&gt;\x816&gt;\xb7*\x9aF\xfcp#?\xf33f\x80y\x9e\x84\xf6\xf3,\xf38\xaa\xde\xea\x81\xb9jC\xed\xc0-\xa3=\xd0\xf2\xa1\xb6\xa3\xa0\xca\xc9\x8cB\xf4\xac\x87~\xb4\xa0;@\x83\x82"\xd0[
\xf2}(\xa82\xed\x80\xe7\xb8\xb4\xe9a&gt;\x9e\xd7\xc0\xddO8k\xc1\x9e(\xa1*\xc9,\xa6\xdc\xe8"\xd0\x99\x83
\x81\x9a?\x81+\xa2\xd1
\xf1#]\x82\xbaA_\x80\xf8$\x83\x87\xd8?\xac\xa7\x9e\x98	\xc2\x8c\x82VAk\xce\xe2\xf9\xbf\xb7F\xfe\xce\xaa\xe2\xf8[B\xbc\xcf:&gt;E`\xe98N%\xff\xa6\x86\x82CF\x820.\x83\x94\\xf05\xd2\xea\xe4\xda\xc9+'\xcb\xd9^\xdd6\xd2\x8f\xd9a\xe80\xcc\xe2u\x9d\xc4\x93\xaba,\x88Z\xffW\xf1\xac\x80z\x89\x9f&amp;[\xd5\x82m\x8a\xa0\x8b\xe1{@Va\x8e6\x82\xdd4V(c\xb1\xc7\xf8`\xedW\xc3H\x8ca\xab\xa3\x9a\xc5^\xe2GhU\x88QrW\xb3\xa3s\xad\x96Xn\xf5$\x83\xb0V]FPP\x88$/\x91\xac\x8cy\xd7\xad\xf1\xc9D\xa7\xe4uoR?\xa6\xb0v\xecO\x90\xf8\x83ys^Ik\xd4~\xab\xb6\x87"\x9a\xc7\xe0\xafB8[a\xcd\x86\xb1\x9d\xc4\x96n\xe2\x85:\xd2\xae\xf9\x99\\x85\xbd\xd7"\xf2\xa2Z&gt;\xe4\xff\xbbH\xec\xfc\xe7\xc9\xc1\x9eI(,\xf9\xaa\xef\xc4\xa7$"e\xbf\x8e\xb1X\x84'\xa1(\xc3;R&gt;\xec*U'^\xa7\xee\xcb \xe1\xeb$O\xcd%6D@C\x8b\x96=&gt;b\xb3\x8a\x9c\x97`\xa2\x90\x8c\xe9&amp;y\x99\x94\xd1J4+\xd0\x8f\x8ei\x91\xd5\xc9\xb58;\xaf\xd1,\xf1jH\xa8\xa2\xf2\xe3LB\x96\xe4\x92\xd8\xb6\x93}\xaeFr\\xbb\x9a&gt;\xa0BD\xf78\xca=\xe4\xbf\xe9\xa8s\xc9u
\xb1\xa2sl\x9d\x97x\xd9=\xc1\xf3V2\xea'XG\xb5\xdd\xe8%\xbc\xff\xca\x97\xdc\xff\xeb\x9c	k\x94\xf3X&lt;\x8e\xf7D:\xc0,W\xe3Ny\x85\xe4\Y\x86Y5#\x93\xf6O\xccm,irm(\x9fPs\xce\x99-\x83\xd90\xd9\xfb\x93\xb3\xee\xbb\xf5K\xd5\xac\xd6\xde\xc9s\xd5$\xef\x93\xbbv\xe7s\xf3.)[\xad5\xea\xbcz\x89\xf5I\xe4U-u$\xf6j\xb4B\xda\xbeP%\xa8\x96\xaa\x99\xabh\xf6\xb7h{\xb2&gt;\xb2\xc3}\xc4\x9a\xf3y\x95\xac\xcax\xa7vY\xc9\xb8H\xf6L\xe6_J\xaa\xaf\xba\xc2Gb\xd3\xa2\xed;\x99\xf8\x83\xbdVw\xe7\xa5\xa4*\x86\xc9\x9e\xc6\xd9\xd5\xf6R\x88D3\xa0Y\x93\x8c!\xf6\xb6Q\xcb\xdbN\xb2\xcb\xc7\xf36
(\xa8\xd5=\xc9-\x93j%\xf9
A]!&gt;O\xaeQP\xcf)u\xadO\x93\xa2h}/\x91\xad\xe2\xdbI23\xaaY\xd7B\xec\x88jQ\xe8 )\xc4{E\xabzjELV\x8e\xc9#\xe3\xd57g\xac\x9f\x94u&gt;tB\xa4\xef'xG\xb5}\xa3\xbe#\xa8zs\xc6\xf4|\xd75R\xeb	N&gt;\xb8\x9f\xb3\xf5\x9a\xa7\x93\xf7\x8a\xff\xbc\xd8\xe35\x84\x9a\xfcs\xe1\xa9\x90X'\xcf\xd2s\xa5\xab6\xfc_\xb1\x97&gt;~6\xa9\xfb"J"\xe7\x9b\xb03\xce\xf5 \xa9\xfd\\xbbJ&amp;\xe4\xf6D\xf5%J\xf4\x85\x9a^\xed\xa6\x87\xe4\xde\x95]dwz\xbf\xd7S5\xf7\xbc\x93\xb2J\xdd\xc9A\xed\xaez\xa5\xd2xO\x87\xc8]&amp;\xd6&amp;\xa3\x99\x94\xd3NvM\xe8_\xe6\xa8Ze\xbb\xb4\xc8\x8cKO\xee\x90\x80\x862\xceloAZ\x8d\xed\xc4\xf7\xe2q\xdaK\xb2\xf9|sL\xe2\xc3Uc\xe23yg\xfe\x99\xc4\xc2	}v\x9b\xcf.g\x97\xb0?\x80{\xf1$\xb8b|\x9f\x94\xc2\xfd\x82?~o\xff~\xae\xf3\xd3\x8c\xf6\xaf6\xb1\xf3\\x9e\xd1'o\xcd\x94z7eH\x9b6:\xa5\x8d\xe5.\xa9
Z%\xb4
hh\x8b\xcbgK\xe5e.\xe9`\xd9\xb1\xb2\xf7\xcbN\x97\xb1\xb7dJ\x839s\xa4\x83\xd0~;\x94/\xbd8\x94%\xbdmh8G\x9a=g\xaa4gn\x864\xe6.\x846/7_\xca\xc9\xcd\x92\xb2\xa1-(\xcc\x91\x8a\xa0@\xcbw\xe7K\xf3\xdd\xb3\xa5&lt;\xf7\xc9]8_\xaamJ\x97\xd6\xd59\xa4+\xeb*\xa5\xa6\xba\xd2u&amp;\xe9\xf2\xba|im\x9dUj\xac\xd3Ik\xea\x8c\xd2e\xd0`\xbe\xbe.,\xad\xae1K\xab\xa0\xad\xac1H\xb55)\xd2\x8a\x9aR\xe9\x875\xd2\xa55\xb3\xa5KjfI\xcb\x81^V\xd3+-\xadY!f\\xf4\xb6\xec4\xb2!\xbb\xc5f\xb1\xcb6\xd9\xfe\xbe\xed}\xbb\xa8C6O/\xb2\xd3bIzI\xed\xab\x89\xd4\xd0:\xa6!\xb5\xc1\xd5P\xd0\xe0i\xa8m\xe0\x8b\xed\x99EU\xf5\xbe\x86H\x83\xc0,M]\xfa\xd0R\xc6\xb74\xb2\x94\xd6\xb9\xea\xea+\xeaW\xd7\xb3\xc5554S\x93Z\xf3PC\xa4\xcceq\x868M\x9c"\xa6\x8b\xd1&amp;ZE\x8bh\x8d\xa2^E^dEZD"\xaa\xae\xc6\xa8\xa5\xa6\xc7\xdc\xcbW\xad\x89\xf5No\;\xe8C\xcb[\xe4\xd8W\xab](\xfd\xca\xb51\xceUN\xc5\xac\xcb\xd1\xf2\xba\xf2g%\xbc\xe9'\x87%\xb4h\x80\xe7\xabbbse\xf69W\xfa@MMU \xe6\xd9Z9PW\xa7\x91h\xf7\x95\x91+\xb5{\x84\x90\x91s\x92\xc5\xe8\xaa\xf6X'4\xcf\xd6\xe6\x98\xec\xaa\x8c\xf1@wU\xb57\xc7fAA'\xa4M]\x95\xd4\xe4\xc51\xfc?\xc4\x86c+c.\x95\xec2C%=\x95\x8dI%\xb4\xff7G~\xadm
endstream
endobj

6 0 obj
5771
endobj

7 0 obj
&lt;&lt;/Type/FontDescriptor/FontName/BAAAAA+LucidaSansUnicode
/Flags 4
/FontBBox[-614 -439 1384 1145]/ItalicAngle 0
/Ascent 1096
/Descent -439
/CapHeight 1144
/StemV 80
/FontFile2 5 0 R
&gt;&gt;
endobj

8 0 obj
&lt;&lt;/Length 304/Filter/FlateDecode&gt;&gt;
stream
x\x9c]\x91Mo\x830\x86\xef\xf99v\x87\x8a@?\xe8$\x84\xd4B\x918\xecCc\xfb41]\xa4\xa2\x90\xf8\xf7K\xecn\x93v=\xb6\xdf7q\xec\xa4j\xeb\xd6h\x9f\xbc\xbaIv\xe0\xf9\xa0\x8dr0O7'\x81_\xe0\xaaK3\xae\xb4\xf4\xf7\xffr\xec-K\x82\xb7[fck\x86\xa9(X\xf2j\xb3w_\xd5t\x81\x96\xbc8N\x9b+_}T]\x88\xbb\x9b\xb5_0\x82\xf1\\xb0\xb2\xe4
\x86p\xceSo\x9f\xfbt\xad[\xca\xda/\xeb`\xf9\xbc/x\x86qJ\xad\xc8I\xc1l{	\xae7W`\x85%/\x9a\xa6d`\xd4\xbfZz \xcbe\x90\x9f\xbd\xd24H\x85\xd8m\xcb\xc0\xf2~y\x83\x9co"o\x89Q\xb3C\xceD\xe4=\xe91\x9f\xd39\x98? o1\xffH\xbc\x8f|$\xfd9\xf2\x89\xb8\x89\\x917\x8b\S\xf9L\xf7"7\x94O\xa7\x82\xb8\x8eL\xfd\xe7y\xe4{\xff'|\xf8\xfd\x85qqG?\xa3\xe5\xf2\xe6\+.\xe7'\xa9\xf0\xdfe\xdb\xc9F~\xdfK\xdc\x95r
endstream
endobj

9 0 obj
&lt;&lt;/Type/Font/Subtype/TrueType/BaseFont/BAAAAA+LucidaSansUnicode
/FirstChar 0
/LastChar 18
/Widths[750 632 557 509 374 316 629 552 749 536 620 614 632 629 409 552
933 770 584 ]
/FontDescriptor 7 0 R
/ToUnicode 8 0 R
&gt;&gt;
endobj

10 0 obj
&lt;&lt;/F1 9 0 R
&gt;&gt;
endobj

11 0 obj
&lt;&lt;/Font 10 0 R
/ProcSet[/PDF/Text]
&gt;&gt;
endobj

1 0 obj
&lt;&lt;/Type/Page/Parent 4 0 R/Resources 11 0 R/MediaBox[0 0 595 842]/Group&lt;&lt;/S/Transparency/CS/DeviceRGB/I true&gt;&gt;/Contents 2 0 R&gt;&gt;
endobj

4 0 obj
&lt;&lt;/Type/Pages
/Resources 11 0 R
/MediaBox[ 0 0 595 842 ]
/Kids[ 1 0 R ]
/Count 1&gt;&gt;
endobj

12 0 obj
&lt;&lt;/Type/Catalog/Pages 4 0 R
/OpenAction[1 0 R /XYZ null null 0]
/Lang(pt-BR)
&gt;&gt;
endobj

13 0 obj
&lt;&lt;/Creator&lt;FEFF005700720069007400650072&gt;
/Producer&lt;FEFF004C0069006200720065004F0066006600690063006500200035002E0033&gt;
/CreationDate(D:20191007090647-03'00')&gt;&gt;
endobj

xref
0 14
0000000000 65535 f 
0000007058 00000 n 
0000000019 00000 n 
0000000268 00000 n 
0000007201 00000 n 
0000000288 00000 n 
0000006143 00000 n 
0000006164 00000 n 
0000006364 00000 n 
0000006737 00000 n 
0000006971 00000 n 
0000007003 00000 n 
0000007300 00000 n 
0000007397 00000 n 
trailer
&lt;&lt;/Size 14/Root 12 0 R
/Info 13 0 R
/ID [ &lt;E59764C147A15057DA761D3373575E0D&gt;
&lt;E59764C147A15057DA761D3373575E0D&gt; ]
/DocChecksum /CB6DD99FDC9B45794651FA96865F0E48
&gt;&gt;
startxref
7572
%%EOF
</msg>
<status status="PASS" starttime="20231025 11:03:56.869" endtime="20231025 11:03:56.874"/>
</kw>
<status status="PASS" starttime="20231025 11:03:56.857" endtime="20231025 11:03:56.878"/>
</kw>
<status status="PASS" starttime="20231025 11:03:56.853" endtime="20231025 11:03:56.880"/>
</test>
<test id="s1-t4" name="Exemplo 04: Excluindo arquivos" line="17">
<kw name="Listando arquivos do meu diretório">
<kw name="List Directory" library="OperatingSystem">
<arg>./my_files</arg>
<doc>Returns and logs items in a directory, optionally filtered with ``pattern``.</doc>
<msg timestamp="20231025 11:03:56.884" level="INFO" html="true">Listing contents of directory '&lt;a href="file://C:\Projetos\projeto-robot-avancado\OperatingSystem\my_files"&gt;C:\Projetos\projeto-robot-avancado\OperatingSystem\my_files&lt;/a&gt;'.</msg>
<msg timestamp="20231025 11:03:56.884" level="INFO">5 items:
arquivo_JSON.json
arquivo_JSON_COPIA.json
arquivo_PDF.pdf
arquivo_TEXTO.txt
arquivo_TEXTO_COPIA.txt</msg>
<status status="PASS" starttime="20231025 11:03:56.883" endtime="20231025 11:03:56.884"/>
</kw>
<status status="PASS" starttime="20231025 11:03:56.883" endtime="20231025 11:03:56.884"/>
</kw>
<kw name="Excluir arquivo">
<arg>arquivo_TEXTO_COPIA.txt</arg>
<kw name="Remove File" library="OperatingSystem">
<arg>./my_files/${ARQUIVO}</arg>
<doc>Removes a file with the given path.</doc>
<msg timestamp="20231025 11:03:56.886" level="INFO" html="true">Removed file '&lt;a href="file://C:\Projetos\projeto-robot-avancado\OperatingSystem\my_files\arquivo_TEXTO_COPIA.txt"&gt;C:\Projetos\projeto-robot-avancado\OperatingSystem\my_files\arquivo_TEXTO_COPIA.txt&lt;/a&gt;'.</msg>
<status status="PASS" starttime="20231025 11:03:56.885" endtime="20231025 11:03:56.886"/>
</kw>
<status status="PASS" starttime="20231025 11:03:56.885" endtime="20231025 11:03:56.887"/>
</kw>
<kw name="Excluir arquivo">
<arg>arquivo_JSON_COPIA.json</arg>
<kw name="Remove File" library="OperatingSystem">
<arg>./my_files/${ARQUIVO}</arg>
<doc>Removes a file with the given path.</doc>
<msg timestamp="20231025 11:03:56.890" level="INFO" html="true">Removed file '&lt;a href="file://C:\Projetos\projeto-robot-avancado\OperatingSystem\my_files\arquivo_JSON_COPIA.json"&gt;C:\Projetos\projeto-robot-avancado\OperatingSystem\my_files\arquivo_JSON_COPIA.json&lt;/a&gt;'.</msg>
<status status="PASS" starttime="20231025 11:03:56.889" endtime="20231025 11:03:56.890"/>
</kw>
<status status="PASS" starttime="20231025 11:03:56.889" endtime="20231025 11:03:56.893"/>
</kw>
<kw name="Listando arquivos do meu diretório">
<kw name="List Directory" library="OperatingSystem">
<arg>./my_files</arg>
<doc>Returns and logs items in a directory, optionally filtered with ``pattern``.</doc>
<msg timestamp="20231025 11:03:56.897" level="INFO" html="true">Listing contents of directory '&lt;a href="file://C:\Projetos\projeto-robot-avancado\OperatingSystem\my_files"&gt;C:\Projetos\projeto-robot-avancado\OperatingSystem\my_files&lt;/a&gt;'.</msg>
<msg timestamp="20231025 11:03:56.898" level="INFO">3 items:
arquivo_JSON.json
arquivo_PDF.pdf
arquivo_TEXTO.txt</msg>
<status status="PASS" starttime="20231025 11:03:56.896" endtime="20231025 11:03:56.898"/>
</kw>
<status status="PASS" starttime="20231025 11:03:56.896" endtime="20231025 11:03:56.898"/>
</kw>
<status status="PASS" starttime="20231025 11:03:56.882" endtime="20231025 11:03:56.899"/>
</test>
<doc>http://robotframework.org/robotframework/latest/libraries/OperatingSystem.html</doc>
<status status="PASS" starttime="20231025 11:03:56.727" endtime="20231025 11:03:56.902"/>
</suite>
<statistics>
<total>
<stat pass="4" fail="0" skip="0">All Tests</stat>
</total>
<tag>
</tag>
<suite>
<stat pass="4" fail="0" skip="0" id="s1" name="Operating System">Operating System</stat>
</suite>
</statistics>
<errors>
</errors>
</robot>
