<?xml version="1.0" encoding="UTF-8"?>
<robot generator="Robot 6.1.1 (Python 3.11.5 on win32)" generated="20231025 12:18:32.918" rpa="false" schemaversion="4">
<suite id="s1" name="String" source="C:\Projetos\projeto-robot-avancado\String\string.robot">
<test id="s1-t1" name="Exemplo 01: Lidando com linhas de um texto String" line="7">
<kw name="Contando as linhas">
<kw name="Pega arquivo">
<var>${STRING}</var>
<kw name="Get File" library="OperatingSystem">
<var>${CONTEUDO_ARQUIVO}</var>
<arg>./my_files/arquivo_texto_linhas.txt</arg>
<doc>Returns the contents of a specified file.</doc>
<msg timestamp="20231025 12:18:33.001" level="INFO" html="true">Getting file '&lt;a href="file://C:\Projetos\projeto-robot-avancado\String\my_files\arquivo_texto_linhas.txt"&gt;C:\Projetos\projeto-robot-avancado\String\my_files\arquivo_texto_linhas.txt&lt;/a&gt;'.</msg>
<msg timestamp="20231025 12:18:33.003" level="INFO">${CONTEUDO_ARQUIVO} = Minha linha 00!
Minha linha 01!
Minha linha 02!
Minha linha 03!
Minha linha 04!
Minha linha 05!
</msg>
<status status="PASS" starttime="20231025 12:18:33.001" endtime="20231025 12:18:33.003"/>
</kw>
<msg timestamp="20231025 12:18:33.004" level="INFO">${STRING} = Minha linha 00!
Minha linha 01!
Minha linha 02!
Minha linha 03!
Minha linha 04!
Minha linha 05!
</msg>
<status status="PASS" starttime="20231025 12:18:33.000" endtime="20231025 12:18:33.004"/>
</kw>
<kw name="Get Line Count" library="String">
<var>${LINHAS}</var>
<arg>${STRING}</arg>
<doc>Returns and logs the number of lines in the given string.</doc>
<msg timestamp="20231025 12:18:33.004" level="INFO">6 lines</msg>
<msg timestamp="20231025 12:18:33.004" level="INFO">${LINHAS} = 6</msg>
<status status="PASS" starttime="20231025 12:18:33.004" endtime="20231025 12:18:33.004"/>
</kw>
<kw name="Log" library="BuiltIn">
<arg>Meu arquivo tem: ${LINHAS} linhas!!</arg>
<doc>Logs the given message with the given level.</doc>
<msg timestamp="20231025 12:18:33.005" level="INFO">Meu arquivo tem: 6 linhas!!</msg>
<status status="PASS" starttime="20231025 12:18:33.005" endtime="20231025 12:18:33.005"/>
</kw>
<status status="PASS" starttime="20231025 12:18:32.999" endtime="20231025 12:18:33.005"/>
</kw>
<kw name="Pegando uma linha específica">
<kw name="Pega arquivo">
<var>${STRING}</var>
<kw name="Get File" library="OperatingSystem">
<var>${CONTEUDO_ARQUIVO}</var>
<arg>./my_files/arquivo_texto_linhas.txt</arg>
<doc>Returns the contents of a specified file.</doc>
<msg timestamp="20231025 12:18:33.006" level="INFO" html="true">Getting file '&lt;a href="file://C:\Projetos\projeto-robot-avancado\String\my_files\arquivo_texto_linhas.txt"&gt;C:\Projetos\projeto-robot-avancado\String\my_files\arquivo_texto_linhas.txt&lt;/a&gt;'.</msg>
<msg timestamp="20231025 12:18:33.007" level="INFO">${CONTEUDO_ARQUIVO} = Minha linha 00!
Minha linha 01!
Minha linha 02!
Minha linha 03!
Minha linha 04!
Minha linha 05!
</msg>
<status status="PASS" starttime="20231025 12:18:33.006" endtime="20231025 12:18:33.007"/>
</kw>
<msg timestamp="20231025 12:18:33.007" level="INFO">${STRING} = Minha linha 00!
Minha linha 01!
Minha linha 02!
Minha linha 03!
Minha linha 04!
Minha linha 05!
</msg>
<status status="PASS" starttime="20231025 12:18:33.006" endtime="20231025 12:18:33.007"/>
</kw>
<kw name="Get Line" library="String">
<var>${LINHA_3}</var>
<arg>${STRING}</arg>
<arg>3</arg>
<doc>Returns the specified line from the given ``string``.</doc>
<msg timestamp="20231025 12:18:33.008" level="INFO">${LINHA_3} = Minha linha 03!</msg>
<status status="PASS" starttime="20231025 12:18:33.007" endtime="20231025 12:18:33.008"/>
</kw>
<kw name="Log" library="BuiltIn">
<arg>Conteúdo da linha 03 do arquivo:\n"${LINHA_3}"</arg>
<doc>Logs the given message with the given level.</doc>
<msg timestamp="20231025 12:18:33.008" level="INFO">Conteúdo da linha 03 do arquivo:
"Minha linha 03!"</msg>
<status status="PASS" starttime="20231025 12:18:33.008" endtime="20231025 12:18:33.008"/>
</kw>
<for flavor="IN RANGE">
<var>${NUMERO_LINHA}</var>
<value>0</value>
<value>6</value>
<iter>
<var name="${NUMERO_LINHA}">0</var>
<kw name="Get Line" library="String">
<var>${CONTEUDO_LINHA}</var>
<arg>${STRING}</arg>
<arg>${NUMERO_LINHA}</arg>
<doc>Returns the specified line from the given ``string``.</doc>
<msg timestamp="20231025 12:18:33.009" level="INFO">${CONTEUDO_LINHA} = Minha linha 00!</msg>
<status status="PASS" starttime="20231025 12:18:33.009" endtime="20231025 12:18:33.009"/>
</kw>
<kw name="Log" library="BuiltIn">
<arg>Conteúdo da linha ${NUMERO_LINHA} do arquivo:\n"${CONTEUDO_LINHA}"</arg>
<doc>Logs the given message with the given level.</doc>
<msg timestamp="20231025 12:18:33.010" level="INFO">Conteúdo da linha 0 do arquivo:
"Minha linha 00!"</msg>
<status status="PASS" starttime="20231025 12:18:33.009" endtime="20231025 12:18:33.010"/>
</kw>
<status status="PASS" starttime="20231025 12:18:33.009" endtime="20231025 12:18:33.010"/>
</iter>
<iter>
<var name="${NUMERO_LINHA}">1</var>
<kw name="Get Line" library="String">
<var>${CONTEUDO_LINHA}</var>
<arg>${STRING}</arg>
<arg>${NUMERO_LINHA}</arg>
<doc>Returns the specified line from the given ``string``.</doc>
<msg timestamp="20231025 12:18:33.010" level="INFO">${CONTEUDO_LINHA} = Minha linha 01!</msg>
<status status="PASS" starttime="20231025 12:18:33.010" endtime="20231025 12:18:33.010"/>
</kw>
<kw name="Log" library="BuiltIn">
<arg>Conteúdo da linha ${NUMERO_LINHA} do arquivo:\n"${CONTEUDO_LINHA}"</arg>
<doc>Logs the given message with the given level.</doc>
<msg timestamp="20231025 12:18:33.011" level="INFO">Conteúdo da linha 1 do arquivo:
"Minha linha 01!"</msg>
<status status="PASS" starttime="20231025 12:18:33.011" endtime="20231025 12:18:33.011"/>
</kw>
<status status="PASS" starttime="20231025 12:18:33.010" endtime="20231025 12:18:33.011"/>
</iter>
<iter>
<var name="${NUMERO_LINHA}">2</var>
<kw name="Get Line" library="String">
<var>${CONTEUDO_LINHA}</var>
<arg>${STRING}</arg>
<arg>${NUMERO_LINHA}</arg>
<doc>Returns the specified line from the given ``string``.</doc>
<msg timestamp="20231025 12:18:33.012" level="INFO">${CONTEUDO_LINHA} = Minha linha 02!</msg>
<status status="PASS" starttime="20231025 12:18:33.011" endtime="20231025 12:18:33.012"/>
</kw>
<kw name="Log" library="BuiltIn">
<arg>Conteúdo da linha ${NUMERO_LINHA} do arquivo:\n"${CONTEUDO_LINHA}"</arg>
<doc>Logs the given message with the given level.</doc>
<msg timestamp="20231025 12:18:33.012" level="INFO">Conteúdo da linha 2 do arquivo:
"Minha linha 02!"</msg>
<status status="PASS" starttime="20231025 12:18:33.012" endtime="20231025 12:18:33.012"/>
</kw>
<status status="PASS" starttime="20231025 12:18:33.011" endtime="20231025 12:18:33.012"/>
</iter>
<iter>
<var name="${NUMERO_LINHA}">3</var>
<kw name="Get Line" library="String">
<var>${CONTEUDO_LINHA}</var>
<arg>${STRING}</arg>
<arg>${NUMERO_LINHA}</arg>
<doc>Returns the specified line from the given ``string``.</doc>
<msg timestamp="20231025 12:18:33.013" level="INFO">${CONTEUDO_LINHA} = Minha linha 03!</msg>
<status status="PASS" starttime="20231025 12:18:33.012" endtime="20231025 12:18:33.014"/>
</kw>
<kw name="Log" library="BuiltIn">
<arg>Conteúdo da linha ${NUMERO_LINHA} do arquivo:\n"${CONTEUDO_LINHA}"</arg>
<doc>Logs the given message with the given level.</doc>
<msg timestamp="20231025 12:18:33.014" level="INFO">Conteúdo da linha 3 do arquivo:
"Minha linha 03!"</msg>
<status status="PASS" starttime="20231025 12:18:33.014" endtime="20231025 12:18:33.014"/>
</kw>
<status status="PASS" starttime="20231025 12:18:33.012" endtime="20231025 12:18:33.015"/>
</iter>
<iter>
<var name="${NUMERO_LINHA}">4</var>
<kw name="Get Line" library="String">
<var>${CONTEUDO_LINHA}</var>
<arg>${STRING}</arg>
<arg>${NUMERO_LINHA}</arg>
<doc>Returns the specified line from the given ``string``.</doc>
<msg timestamp="20231025 12:18:33.015" level="INFO">${CONTEUDO_LINHA} = Minha linha 04!</msg>
<status status="PASS" starttime="20231025 12:18:33.015" endtime="20231025 12:18:33.015"/>
</kw>
<kw name="Log" library="BuiltIn">
<arg>Conteúdo da linha ${NUMERO_LINHA} do arquivo:\n"${CONTEUDO_LINHA}"</arg>
<doc>Logs the given message with the given level.</doc>
<msg timestamp="20231025 12:18:33.016" level="INFO">Conteúdo da linha 4 do arquivo:
"Minha linha 04!"</msg>
<status status="PASS" starttime="20231025 12:18:33.015" endtime="20231025 12:18:33.016"/>
</kw>
<status status="PASS" starttime="20231025 12:18:33.015" endtime="20231025 12:18:33.016"/>
</iter>
<iter>
<var name="${NUMERO_LINHA}">5</var>
<kw name="Get Line" library="String">
<var>${CONTEUDO_LINHA}</var>
<arg>${STRING}</arg>
<arg>${NUMERO_LINHA}</arg>
<doc>Returns the specified line from the given ``string``.</doc>
<msg timestamp="20231025 12:18:33.017" level="INFO">${CONTEUDO_LINHA} = Minha linha 05!</msg>
<status status="PASS" starttime="20231025 12:18:33.016" endtime="20231025 12:18:33.017"/>
</kw>
<kw name="Log" library="BuiltIn">
<arg>Conteúdo da linha ${NUMERO_LINHA} do arquivo:\n"${CONTEUDO_LINHA}"</arg>
<doc>Logs the given message with the given level.</doc>
<msg timestamp="20231025 12:18:33.018" level="INFO">Conteúdo da linha 5 do arquivo:
"Minha linha 05!"</msg>
<status status="PASS" starttime="20231025 12:18:33.017" endtime="20231025 12:18:33.018"/>
</kw>
<status status="PASS" starttime="20231025 12:18:33.016" endtime="20231025 12:18:33.018"/>
</iter>
<status status="PASS" starttime="20231025 12:18:33.008" endtime="20231025 12:18:33.019"/>
</for>
<status status="PASS" starttime="20231025 12:18:33.005" endtime="20231025 12:18:33.019"/>
</kw>
<kw name="Pegando uma linha específica com a palavra &quot;linha 01&quot;" sourcename="Pegando uma linha específica com a palavra &quot;${PALAVRA}&quot;">
<kw name="Pega arquivo">
<var>${STRING}</var>
<kw name="Get File" library="OperatingSystem">
<var>${CONTEUDO_ARQUIVO}</var>
<arg>./my_files/arquivo_texto_linhas.txt</arg>
<doc>Returns the contents of a specified file.</doc>
<msg timestamp="20231025 12:18:33.021" level="INFO" html="true">Getting file '&lt;a href="file://C:\Projetos\projeto-robot-avancado\String\my_files\arquivo_texto_linhas.txt"&gt;C:\Projetos\projeto-robot-avancado\String\my_files\arquivo_texto_linhas.txt&lt;/a&gt;'.</msg>
<msg timestamp="20231025 12:18:33.022" level="INFO">${CONTEUDO_ARQUIVO} = Minha linha 00!
Minha linha 01!
Minha linha 02!
Minha linha 03!
Minha linha 04!
Minha linha 05!
</msg>
<status status="PASS" starttime="20231025 12:18:33.021" endtime="20231025 12:18:33.022"/>
</kw>
<msg timestamp="20231025 12:18:33.022" level="INFO">${STRING} = Minha linha 00!
Minha linha 01!
Minha linha 02!
Minha linha 03!
Minha linha 04!
Minha linha 05!
</msg>
<status status="PASS" starttime="20231025 12:18:33.020" endtime="20231025 12:18:33.022"/>
</kw>
<kw name="Get Lines Containing String" library="String">
<var>${LINHA}</var>
<arg>${STRING}</arg>
<arg>${PALAVRA}</arg>
<doc>Returns lines of the given ``string`` that contain the ``pattern``.</doc>
<msg timestamp="20231025 12:18:33.023" level="INFO">1 out of 6 lines matched</msg>
<msg timestamp="20231025 12:18:33.023" level="INFO">${LINHA} = Minha linha 01!</msg>
<status status="PASS" starttime="20231025 12:18:33.023" endtime="20231025 12:18:33.023"/>
</kw>
<kw name="Log" library="BuiltIn">
<arg>Linha com ${PALAVRA}:\n"${LINHA}"</arg>
<doc>Logs the given message with the given level.</doc>
<msg timestamp="20231025 12:18:33.024" level="INFO">Linha com linha 01:
"Minha linha 01!"</msg>
<status status="PASS" starttime="20231025 12:18:33.024" endtime="20231025 12:18:33.024"/>
</kw>
<status status="PASS" starttime="20231025 12:18:33.020" endtime="20231025 12:18:33.024"/>
</kw>
<kw name="Pegando até um marcador">
<kw name="Pega arquivo">
<var>${STRING}</var>
<kw name="Get File" library="OperatingSystem">
<var>${CONTEUDO_ARQUIVO}</var>
<arg>./my_files/arquivo_texto_linhas.txt</arg>
<doc>Returns the contents of a specified file.</doc>
<msg timestamp="20231025 12:18:33.032" level="INFO" html="true">Getting file '&lt;a href="file://C:\Projetos\projeto-robot-avancado\String\my_files\arquivo_texto_linhas.txt"&gt;C:\Projetos\projeto-robot-avancado\String\my_files\arquivo_texto_linhas.txt&lt;/a&gt;'.</msg>
<msg timestamp="20231025 12:18:33.032" level="INFO">${CONTEUDO_ARQUIVO} = Minha linha 00!
Minha linha 01!
Minha linha 02!
Minha linha 03!
Minha linha 04!
Minha linha 05!
</msg>
<status status="PASS" starttime="20231025 12:18:33.031" endtime="20231025 12:18:33.032"/>
</kw>
<msg timestamp="20231025 12:18:33.033" level="INFO">${STRING} = Minha linha 00!
Minha linha 01!
Minha linha 02!
Minha linha 03!
Minha linha 04!
Minha linha 05!
</msg>
<status status="PASS" starttime="20231025 12:18:33.029" endtime="20231025 12:18:33.033"/>
</kw>
<kw name="Get Line" library="String">
<var>${LINHA}</var>
<arg>${STRING}</arg>
<arg>0</arg>
<doc>Returns the specified line from the given ``string``.</doc>
<msg timestamp="20231025 12:18:33.034" level="INFO">${LINHA} = Minha linha 00!</msg>
<status status="PASS" starttime="20231025 12:18:33.033" endtime="20231025 12:18:33.034"/>
</kw>
<kw name="Fetch From Left" library="String">
<var>${COMECO}</var>
<arg>${LINHA}</arg>
<arg>0</arg>
<doc>Returns contents of the ``string`` before the first occurrence of ``marker``.</doc>
<msg timestamp="20231025 12:18:33.034" level="INFO">${COMECO} = Minha linha </msg>
<status status="PASS" starttime="20231025 12:18:33.034" endtime="20231025 12:18:33.034"/>
</kw>
<kw name="Fetch From Right" library="String">
<var>${FIM}</var>
<arg>${LINHA}</arg>
<arg>linha${SPACE}</arg>
<doc>Returns contents of the ``string`` after the last occurrence of ``marker``.</doc>
<msg timestamp="20231025 12:18:33.035" level="INFO">${FIM} = 00!</msg>
<status status="PASS" starttime="20231025 12:18:33.034" endtime="20231025 12:18:33.035"/>
</kw>
<kw name="Log" library="BuiltIn">
<arg>Começo: "${COMECO}"\nFim:"${FIM}"\n\nTudo junto: "${COMECO}${FIM}"</arg>
<doc>Logs the given message with the given level.</doc>
<msg timestamp="20231025 12:18:33.035" level="INFO">Começo: "Minha linha "
Fim:"00!"

Tudo junto: "Minha linha 00!"</msg>
<status status="PASS" starttime="20231025 12:18:33.035" endtime="20231025 12:18:33.035"/>
</kw>
<status status="PASS" starttime="20231025 12:18:33.025" endtime="20231025 12:18:33.035"/>
</kw>
<status status="PASS" starttime="20231025 12:18:32.998" endtime="20231025 12:18:33.036"/>
</test>
<test id="s1-t2" name="Exemplo 02: Manipulando a String" line="13">
<kw name="Substituindo valores no texto">
<kw name="Pega arquivo">
<var>${TEXTO}</var>
<kw name="Get File" library="OperatingSystem">
<var>${CONTEUDO_ARQUIVO}</var>
<arg>./my_files/arquivo_texto_linhas.txt</arg>
<doc>Returns the contents of a specified file.</doc>
<msg timestamp="20231025 12:18:33.038" level="INFO" html="true">Getting file '&lt;a href="file://C:\Projetos\projeto-robot-avancado\String\my_files\arquivo_texto_linhas.txt"&gt;C:\Projetos\projeto-robot-avancado\String\my_files\arquivo_texto_linhas.txt&lt;/a&gt;'.</msg>
<msg timestamp="20231025 12:18:33.039" level="INFO">${CONTEUDO_ARQUIVO} = Minha linha 00!
Minha linha 01!
Minha linha 02!
Minha linha 03!
Minha linha 04!
Minha linha 05!
</msg>
<status status="PASS" starttime="20231025 12:18:33.038" endtime="20231025 12:18:33.039"/>
</kw>
<msg timestamp="20231025 12:18:33.039" level="INFO">${TEXTO} = Minha linha 00!
Minha linha 01!
Minha linha 02!
Minha linha 03!
Minha linha 04!
Minha linha 05!
</msg>
<status status="PASS" starttime="20231025 12:18:33.038" endtime="20231025 12:18:33.039"/>
</kw>
<kw name="Replace String" library="String">
<var>${NOVO_TEXTO}</var>
<arg>string=${TEXTO}</arg>
<arg>search_for=Minha linha</arg>
<arg>replace_with=Conteúdo da minha linha</arg>
<doc>Replaces ``search_for`` in the given ``string`` with ``replace_with``.</doc>
<msg timestamp="20231025 12:18:33.040" level="INFO">${NOVO_TEXTO} = Conteúdo da minha linha 00!
Conteúdo da minha linha 01!
Conteúdo da minha linha 02!
Conteúdo da minha linha 03!
Conteúdo da minha linha 04!
Conteúdo da minha linha 05!
</msg>
<status status="PASS" starttime="20231025 12:18:33.039" endtime="20231025 12:18:33.040"/>
</kw>
<kw name="Log" library="BuiltIn">
<arg>O velho texto era assim:\n${TEXTO}\nO novo texto ficou assim:\n${NOVO_TEXTO}</arg>
<doc>Logs the given message with the given level.</doc>
<msg timestamp="20231025 12:18:33.041" level="INFO">O velho texto era assim:
Minha linha 00!
Minha linha 01!
Minha linha 02!
Minha linha 03!
Minha linha 04!
Minha linha 05!

O novo texto ficou assim:
Conteúdo da minha linha 00!
Conteúdo da minha linha 01!
Conteúdo da minha linha 02!
Conteúdo da minha linha 03!
Conteúdo da minha linha 04!
Conteúdo da minha linha 05!
</msg>
<status status="PASS" starttime="20231025 12:18:33.040" endtime="20231025 12:18:33.041"/>
</kw>
<kw name="Create File" library="OperatingSystem">
<arg>./my_files/meu_novo_arquivo.txt</arg>
<arg>${NOVO_TEXTO}</arg>
<doc>Creates a file with the given content and encoding.</doc>
<msg timestamp="20231025 12:18:33.042" level="INFO" html="true">Created file '&lt;a href="file://C:\Projetos\projeto-robot-avancado\String\my_files\meu_novo_arquivo.txt"&gt;C:\Projetos\projeto-robot-avancado\String\my_files\meu_novo_arquivo.txt&lt;/a&gt;'.</msg>
<status status="PASS" starttime="20231025 12:18:33.041" endtime="20231025 12:18:33.042"/>
</kw>
<status status="PASS" starttime="20231025 12:18:33.037" endtime="20231025 12:18:33.043"/>
</kw>
<kw name="Quero tudo minúsculo!">
<kw name="Pega arquivo">
<var>${TEXTO}</var>
<kw name="Get File" library="OperatingSystem">
<var>${CONTEUDO_ARQUIVO}</var>
<arg>./my_files/arquivo_texto_linhas.txt</arg>
<doc>Returns the contents of a specified file.</doc>
<msg timestamp="20231025 12:18:33.044" level="INFO" html="true">Getting file '&lt;a href="file://C:\Projetos\projeto-robot-avancado\String\my_files\arquivo_texto_linhas.txt"&gt;C:\Projetos\projeto-robot-avancado\String\my_files\arquivo_texto_linhas.txt&lt;/a&gt;'.</msg>
<msg timestamp="20231025 12:18:33.046" level="INFO">${CONTEUDO_ARQUIVO} = Minha linha 00!
Minha linha 01!
Minha linha 02!
Minha linha 03!
Minha linha 04!
Minha linha 05!
</msg>
<status status="PASS" starttime="20231025 12:18:33.044" endtime="20231025 12:18:33.047"/>
</kw>
<msg timestamp="20231025 12:18:33.047" level="INFO">${TEXTO} = Minha linha 00!
Minha linha 01!
Minha linha 02!
Minha linha 03!
Minha linha 04!
Minha linha 05!
</msg>
<status status="PASS" starttime="20231025 12:18:33.044" endtime="20231025 12:18:33.047"/>
</kw>
<kw name="Convert To Lower Case" library="String">
<var>${TEXTO}</var>
<arg>${TEXTO}</arg>
<doc>Converts string to lower case.</doc>
<msg timestamp="20231025 12:18:33.048" level="INFO">${TEXTO} = minha linha 00!
minha linha 01!
minha linha 02!
minha linha 03!
minha linha 04!
minha linha 05!
</msg>
<status status="PASS" starttime="20231025 12:18:33.047" endtime="20231025 12:18:33.048"/>
</kw>
<kw name="Log" library="BuiltIn">
<arg>Meu texto todo minúsculo:\n${TEXTO}</arg>
<doc>Logs the given message with the given level.</doc>
<msg timestamp="20231025 12:18:33.049" level="INFO">Meu texto todo minúsculo:
minha linha 00!
minha linha 01!
minha linha 02!
minha linha 03!
minha linha 04!
minha linha 05!
</msg>
<status status="PASS" starttime="20231025 12:18:33.048" endtime="20231025 12:18:33.049"/>
</kw>
<status status="PASS" starttime="20231025 12:18:33.043" endtime="20231025 12:18:33.049"/>
</kw>
<kw name="Quero tudo maiúsculo!">
<kw name="Pega arquivo">
<var>${TEXTO}</var>
<kw name="Get File" library="OperatingSystem">
<var>${CONTEUDO_ARQUIVO}</var>
<arg>./my_files/arquivo_texto_linhas.txt</arg>
<doc>Returns the contents of a specified file.</doc>
<msg timestamp="20231025 12:18:33.052" level="INFO" html="true">Getting file '&lt;a href="file://C:\Projetos\projeto-robot-avancado\String\my_files\arquivo_texto_linhas.txt"&gt;C:\Projetos\projeto-robot-avancado\String\my_files\arquivo_texto_linhas.txt&lt;/a&gt;'.</msg>
<msg timestamp="20231025 12:18:33.053" level="INFO">${CONTEUDO_ARQUIVO} = Minha linha 00!
Minha linha 01!
Minha linha 02!
Minha linha 03!
Minha linha 04!
Minha linha 05!
</msg>
<status status="PASS" starttime="20231025 12:18:33.051" endtime="20231025 12:18:33.053"/>
</kw>
<msg timestamp="20231025 12:18:33.053" level="INFO">${TEXTO} = Minha linha 00!
Minha linha 01!
Minha linha 02!
Minha linha 03!
Minha linha 04!
Minha linha 05!
</msg>
<status status="PASS" starttime="20231025 12:18:33.051" endtime="20231025 12:18:33.053"/>
</kw>
<kw name="Convert To Upper Case" library="String">
<var>${TEXTO}</var>
<arg>${TEXTO}</arg>
<doc>Converts string to upper case.</doc>
<msg timestamp="20231025 12:18:33.054" level="INFO">${TEXTO} = MINHA LINHA 00!
MINHA LINHA 01!
MINHA LINHA 02!
MINHA LINHA 03!
MINHA LINHA 04!
MINHA LINHA 05!
</msg>
<status status="PASS" starttime="20231025 12:18:33.053" endtime="20231025 12:18:33.054"/>
</kw>
<kw name="Log" library="BuiltIn">
<arg>Meu texto todo maiúsculo:\n${TEXTO}</arg>
<doc>Logs the given message with the given level.</doc>
<msg timestamp="20231025 12:18:33.055" level="INFO">Meu texto todo maiúsculo:
MINHA LINHA 00!
MINHA LINHA 01!
MINHA LINHA 02!
MINHA LINHA 03!
MINHA LINHA 04!
MINHA LINHA 05!
</msg>
<status status="PASS" starttime="20231025 12:18:33.054" endtime="20231025 12:18:33.055"/>
</kw>
<status status="PASS" starttime="20231025 12:18:33.050" endtime="20231025 12:18:33.055"/>
</kw>
<status status="PASS" starttime="20231025 12:18:33.037" endtime="20231025 12:18:33.055"/>
</test>
<doc>http://robotframework.org/robotframework/latest/libraries/String.html</doc>
<status status="PASS" starttime="20231025 12:18:32.921" endtime="20231025 12:18:33.057"/>
</suite>
<statistics>
<total>
<stat pass="2" fail="0" skip="0">All Tests</stat>
</total>
<tag>
</tag>
<suite>
<stat pass="2" fail="0" skip="0" id="s1" name="String">String</stat>
</suite>
</statistics>
<errors>
</errors>
</robot>
